Uninitialized
2014-01-05T22:50:57.884-06:00: 01 00 => 30 01 00 00 06
2014-01-05T22:50:57.886-06:00: 76 10 10 => 00 00 00 00 06
2014-01-05T22:50:57.888-06:00: 76 0a 0a => 00 00 00 00 06
2014-01-05T22:50:57.896-06:00: 76 00 00 => 03 00 00 00 06
2014-01-05T22:50:57.900-06:00: 76 14 14 => 00 00 00 00 06
2014-01-05T22:50:57.903-06:00: 76 15 15 => 00 00 00 00 06
2014-01-05T22:50:57.905-06:00: 76 16 16 => 00 00 00 00 06
2014-01-05T22:50:57.908-06:00: 76 06 06 => b9 9e 83 43 06
2014-01-05T22:50:57.910-06:00: 76 07 07 => 9a 99 75 43 06
2014-01-05T22:50:57.912-06:00: 76 08 08 => 3e 0a c9 42 06

Unitialized with maintenance open
2014-01-05T22:51:44.884-06:00: 01 00 => 30 01 00 00 06
2014-01-05T22:51:44.886-06:00: 76 10 10 => 00 00 00 00 06
2014-01-05T22:51:44.889-06:00: 76 0a 0a => 00 00 00 00 06
2014-01-05T22:51:44.896-06:00: 76 00 00 => 03 00 00 00 06
2014-01-05T22:51:44.900-06:00: 76 14 14 => 00 00 00 00 06
2014-01-05T22:51:44.903-06:00: 76 15 15 => 00 00 00 00 06
2014-01-05T22:51:44.905-06:00: 76 16 16 => 00 00 00 00 06
2014-01-05T22:51:44.907-06:00: 76 06 06 => b9 9e 83 43 06
2014-01-05T22:51:44.910-06:00: 76 07 07 => 9a 99 75 43 06
2014-01-05T22:51:44.912-06:00: 76 08 08 => 3e 0a c9 42 06
2014-01-05T22:51:45.030-06:00: 70 32 => 00 00 00 00 06
